<?xml version="1.0" encoding="UTF-8"?>
<!-- Generated by org.testng.reporters.JUnitReportReporter -->
<testsuite hostname="shubham-TravelMate-P243" name="Academy.E2EProject.HomePage" tests="2" failures="0" timestamp="23 Apr 2020 08:09:25 GMT" time="70.504" errors="0">
  <testcase name="basePackageNavigation" time="35.255" classname="Academy.E2EProject.HomePage"/>
  <testcase name="basePackageNavigation" time="35.249" classname="Academy.E2EProject.HomePage"/>
</testsuite> <!-- Academy.E2EProject.HomePage -->
