<?xml version="1.0" encoding="UTF-8"?>
<!-- Generated by org.testng.reporters.JUnitReportReporter -->
<testsuite hostname="shubham-TravelMate-P243" name="Academy.E2EProject.ValidateTitle" tests="1" failures="0" timestamp="7 Jul 2020 08:33:46 GMT" time="3.699" errors="0">
  <testcase name="basePackageNavigation" time="3.699" classname="Academy.E2EProject.ValidateTitle"/>
</testsuite> <!-- Academy.E2EProject.ValidateTitle -->
